<?xml version="1.0" encoding="UTF-8"?>
<!-- Generated by org.testng.reporters.JUnitXMLReporter -->
<testsuite hostname="sachus-MacBook-Air.local" ignored="0" name="CRMTestcases" tests="13" failures="0" timestamp="17 Apr 2019 00:15:13 GMT" time="541.638" errors="0">
  <testcase name="userloginTest" time="21.871" classname="com.CRM.qa.tests.CRMLoginTest"/>
  <testcase name="verifloginpagetitleTest" time="0.016" classname="com.CRM.qa.tests.CRMLoginTest"/>
  <testcase name="verifyCRMlogoTest" time="0.041" classname="com.CRM.qa.tests.CRMLoginTest"/>
  <testcase name="verifycontacttabTest" time="0.035" classname="com.CRM.qa.tests.CRMLandingpageTest"/>
  <testcase name="verifydealstabTest" time="0.032" classname="com.CRM.qa.tests.CRMLandingpageTest"/>
  <testcase name="verifylandingpagetitleTest" time="0.007" classname="com.CRM.qa.tests.CRMLandingpageTest"/>
  <testcase name="verifytasktabTest" time="0.032" classname="com.CRM.qa.tests.CRMLandingpageTest"/>
  <testcase name="verifyusernameTest" time="0.033" classname="com.CRM.qa.tests.CRMLandingpageTest"/>
  <testcase name="clickonconatcttabTest" time="3.191" classname="com.CRM.qa.tests.CRMLandingpageTest"/>
  <testcase name="clickondealstabTest" time="3.092" classname="com.CRM.qa.tests.CRMLandingpageTest"/>
  <testcase name="clickontasktabTest" time="2.339" classname="com.CRM.qa.tests.CRMLandingpageTest"/>
  <testcase name="verifycontacttablabelTest" time="0.034" classname="com.CRM.qa.tests.CRMContactTest"/>
  <testcase name="clickoncheckboxTest" time="0.123" classname="com.CRM.qa.tests.CRMContactTest"/>
</testsuite> <!-- CRMTestcases -->
