<?xml version="1.0" encoding="UTF-8"?>
<!-- Generated by org.testng.reporters.JUnitXMLReporter -->
<testsuite hostname="sachus-MacBook-Air.local" ignored="0" name="Default test" tests="3" failures="0" timestamp="05 May 2019 23:32:08 GMT" time="96.571" errors="0">
  <testcase name="userloginTest" time="29.386" classname="com.CRM.qa.tests.CRMLoginTest"/>
  <testcase name="verifloginpagetitleTest" time="0.019" classname="com.CRM.qa.tests.CRMLoginTest"/>
  <testcase name="verifyCRMlogoTest" time="0.038" classname="com.CRM.qa.tests.CRMLoginTest"/>
</testsuite> <!-- Default test -->
