<?xml version="1.0" encoding="UTF-8"?>
<!-- Generated by org.testng.reporters.JUnitXMLReporter -->
<testsuite hostname="sachus-MacBook-Air.local" ignored="0" name="Command line test" tests="16" failures="0" timestamp="21 May 2019 00:41:58 GMT" time="282.558" errors="0">
  <testcase name="verifycontacttablabelTest" time="0.039" classname="com.CRM.qa.tests.CRMContactTest"/>
  <testcase name="verifycreatenewcontact" time="5.841" classname="com.CRM.qa.tests.CRMContactTest"/>
  <testcase name="verifycreatenewcontact" time="3.944" classname="com.CRM.qa.tests.CRMContactTest"/>
  <testcase name="clickoncheckboxTest" time="0.505" classname="com.CRM.qa.tests.CRMContactTest"/>
  <testcase name="verify_checknewcontact" time="0.675" classname="com.CRM.qa.tests.CRMContactTest"/>
  <testcase name="verifycontacttabTest" time="0.042" classname="com.CRM.qa.tests.CRMLandingpageTest"/>
  <testcase name="verifydealstabTest" time="0.036" classname="com.CRM.qa.tests.CRMLandingpageTest"/>
  <testcase name="verifylandingpagetitleTest" time="0.006" classname="com.CRM.qa.tests.CRMLandingpageTest"/>
  <testcase name="verifytasktabTest" time="0.053" classname="com.CRM.qa.tests.CRMLandingpageTest"/>
  <testcase name="verifyusernameTest" time="0.05" classname="com.CRM.qa.tests.CRMLandingpageTest"/>
  <testcase name="clickonconatcttabTest" time="1.338" classname="com.CRM.qa.tests.CRMLandingpageTest"/>
  <testcase name="clickondealstabTest" time="1.854" classname="com.CRM.qa.tests.CRMLandingpageTest"/>
  <testcase name="clickontasktabTest" time="1.352" classname="com.CRM.qa.tests.CRMLandingpageTest"/>
  <testcase name="userloginTest" time="5.566" classname="com.CRM.qa.tests.CRMLoginTest"/>
  <testcase name="verifloginpagetitleTest" time="0.006" classname="com.CRM.qa.tests.CRMLoginTest"/>
  <testcase name="verifyCRMlogoTest" time="0.039" classname="com.CRM.qa.tests.CRMLoginTest"/>
</testsuite> <!-- Command line test -->
