<?xml version="1.0" encoding="UTF-8" ?>
<testsuite tests="16" failures="0" name="TestSuite" time="21.346" errors="0" skipped="0">
  <properties>
[...]
</properties>
  <testcase classname="com.CRM.qa.tests.CRMContactTest" name="verifycontacttablabelTest" time="0.041"/>
  <testcase classname="com.CRM.qa.tests.CRMContactTest" name="verifycreatenewcontact" time="5.841"/>
  <testcase classname="com.CRM.qa.tests.CRMContactTest" name="verifycreatenewcontact" time="3.944"/>
  <testcase classname="com.CRM.qa.tests.CRMContactTest" name="clickoncheckboxTest" time="0.504"/>
  <testcase classname="com.CRM.qa.tests.CRMContactTest" name="verify_checknewcontact" time="0.674"/>
  <testcase classname="com.CRM.qa.tests.CRMLandingpageTest" name="verifycontacttabTest" time="0.042"/>
  <testcase classname="com.CRM.qa.tests.CRMLandingpageTest" name="verifydealstabTest" time="0.035"/>
  <testcase classname="com.CRM.qa.tests.CRMLandingpageTest" name="verifylandingpagetitleTest" time="0.006"/>
  <testcase classname="com.CRM.qa.tests.CRMLandingpageTest" name="verifytasktabTest" time="0.053"/>
  <testcase classname="com.CRM.qa.tests.CRMLandingpageTest" name="verifyusernameTest" time="0.051"/>
  <testcase classname="com.CRM.qa.tests.CRMLandingpageTest" name="clickonconatcttabTest" time="1.339"/>
  <testcase classname="com.CRM.qa.tests.CRMLandingpageTest" name="clickondealstabTest" time="1.855"/>
  <testcase classname="com.CRM.qa.tests.CRMLandingpageTest" name="clickontasktabTest" time="1.351"/>
  <testcase classname="com.CRM.qa.tests.CRMLoginTest" name="userloginTest" time="5.565"/>
  <testcase classname="com.CRM.qa.tests.CRMLoginTest" name="verifloginpagetitleTest" time="0.006"/>
  <testcase classname="com.CRM.qa.tests.CRMLoginTest" name="verifyCRMlogoTest" time="0.039"/>
</testsuite>